<?xml version="1.0" encoding="UTF-8"?>
<TestRun id="ea7c2a4b-ef12-43d1-a145-d47f967e3e63" name="DEV@CHENGVMWIN7X641 2016-01-25 16:55:31" runUser="CHENGVMWIN7X641\DEV" xmlns="http://microsoft.com/schemas/VisualStudio/TeamTest/2010">
  <TestSettings name="本地" id="fb35cadf-f513-4997-8927-662f65f1d0dd">
    <Description>这些设置为本地测试运行的默认测试设置。</Description>
    <Deployment enabled="false" runDeploymentRoot="DEV_CHENGVMWIN7X641 2016-01-25 16_55_31">
      <DeploymentItem filename="D:\Cheng\Workspace\OnlineLearningSystem\OnlineLearningSystem\OnlineLearningSystem\Content\lib\ueditor\1.4.3\net\Bin\Newtonsoft.Json.dll" />
      <DeploymentItem filename="D:\Cheng\Workspace\OnlineLearningSystem\OnlineLearningSystem\packages\EntityFramework.4.1.10331.0\lib\EntityFramework.dll" />
      <DeploymentItem filename="D:\Cheng\Workspace\OnlineLearningSystem\OnlineLearningSystem\OnlineLearningSystem\bin\OnlineLearningSystem.dll" />
    </Deployment>
    <Execution>
      <TestTypeSpecific />
      <AgentRule name="Execution Agents">
      </AgentRule>
    </Execution>
  </TestSettings>
  <Times creation="2016-01-25T16:55:31.0018715+08:00" queuing="2016-01-25T16:55:31.0478742+08:00" start="2016-01-25T16:55:31.0578747+08:00" finish="2016-01-25T16:56:37.8076926+08:00" />
  <ResultSummary outcome="Failed">
    <Counters total="1" executed="1" error="0" failed="1" timeout="0" aborted="0" inconclusive="0" passedButRunAborted="0" notRunnable="0" notExecuted="0" disconnected="0" warning="0" passed="0" completed="0" inProgress="0" pending="0" />
  </ResultSummary>
  <TestDefinitions>
    <UnitTest name="ChangeTest" storage="d:\cheng\workspace\onlinelearningsystem\onlinelearningsystem\timetasktestproject\bin\debug\timetasktestproject.dll" id="20adc531-bff2-51ab-a3b6-cc5e6444840d">
      <Execution id="0b5c118e-aa99-429c-a39b-103b24b4c134" />
      <TestMethod codeBase="D:/Cheng/Workspace/OnlineLearningSystem/OnlineLearningSystem/TimeTaskTestProject/bin/Debug/TimeTaskTestProject.DLL" adapterTypeName="Microsoft.VisualStudio.TestTools.TestTypes.Unit.UnitTestAdapter, Microsoft.VisualStudio.QualityTools.Tips.UnitTest.Adapter, Version=10.0.0.0, Culture=neutral, PublicKeyToken=b03f5f7f11d50a3a" className="TimeTaskTestProject.ChangePaperStatusTest, TimeTaskTestProject, Version=1.0.0.0, Culture=neutral, PublicKeyToken=null" name="ChangeTest" />
      <AspNet webSiteUrl="http://localhost:7128/Aspxs/Default.aspx">
        <Host pathToWebApp="D:\Cheng\Workspace\OnlineLearningSystem\OnlineLearningSystem\OnlineLearningSystem" webAppRoot="/" />
      </AspNet>
    </UnitTest>
  </TestDefinitions>
  <TestLists>
    <TestList name="列表中未列出的结果" id="8c84fa94-04c1-424b-9868-57a2d4851a1d" />
    <TestList name="所有已加载的结果" id="19431567-8539-422a-85d7-44ee4e166bda" />
  </TestLists>
  <TestEntries>
    <TestEntry testId="20adc531-bff2-51ab-a3b6-cc5e6444840d" executionId="0b5c118e-aa99-429c-a39b-103b24b4c134" testListId="8c84fa94-04c1-424b-9868-57a2d4851a1d" />
  </TestEntries>
  <Results>
    <UnitTestResult executionId="0b5c118e-aa99-429c-a39b-103b24b4c134" testId="20adc531-bff2-51ab-a3b6-cc5e6444840d" testName="ChangeTest" computerName="CHENGVMWIN7X641" duration="00:01:04.0313107" startTime="2016-01-25T16:55:31.0818761+08:00" endTime="2016-01-25T16:56:37.7926918+08:00" testType="13cdc9d9-ddb5-4fa4-a97d-d965ccfc6d4b" outcome="Failed" testListId="8c84fa94-04c1-424b-9868-57a2d4851a1d" relativeResultsDirectory="0b5c118e-aa99-429c-a39b-103b24b4c134">
      <Output>
        <DebugTrace>“清除考试任务”操作返回 0 。
“清除考试任务”操作返回 18 。
</DebugTrace>
        <ErrorInfo>
          <Message>Assert.AreEqual 失败。应为: &lt;2&gt;，实际为: &lt;1&gt;。</Message>
          <StackTrace>   在 TimeTaskTestProject.ChangePaperStatusTest.ChangeTest() 位置 D:\Cheng\Workspace\OnlineLearningSystem\OnlineLearningSystem\TimeTaskTestProject\ChangePaperStatusTest.cs:行号 226
</StackTrace>
        </ErrorInfo>
      </Output>
    </UnitTestResult>
  </Results>
</TestRun>