<?xml version="1.0" encoding="UTF-8"?>
<TestRun id="5d528123-e3e3-4189-a5fa-7135baf79661" name="DEV@CHENGVMWIN7X641 2016-01-25 17:25:45" runUser="CHENGVMWIN7X641\DEV" xmlns="http://microsoft.com/schemas/VisualStudio/TeamTest/2010">
  <TestSettings name="本地" id="fb35cadf-f513-4997-8927-662f65f1d0dd">
    <Description>这些设置为本地测试运行的默认测试设置。</Description>
    <Deployment enabled="false" runDeploymentRoot="DEV_CHENGVMWIN7X641 2016-01-25 17_25_45">
      <DeploymentItem filename="D:\Cheng\Workspace\OnlineLearningSystem\OnlineLearningSystem\OnlineLearningSystem\Content\lib\ueditor\1.4.3\net\Bin\Newtonsoft.Json.dll" />
      <DeploymentItem filename="D:\Cheng\Workspace\OnlineLearningSystem\OnlineLearningSystem\packages\EntityFramework.4.1.10331.0\lib\EntityFramework.dll" />
      <DeploymentItem filename="D:\Cheng\Workspace\OnlineLearningSystem\OnlineLearningSystem\OnlineLearningSystem\bin\OnlineLearningSystem.dll" />
    </Deployment>
    <Execution>
      <TestTypeSpecific />
      <AgentRule name="Execution Agents">
      </AgentRule>
    </Execution>
  </TestSettings>
  <Times creation="2016-01-25T17:25:45.0276279+08:00" queuing="2016-01-25T17:25:45.0796309+08:00" start="2016-01-25T17:25:45.1616355+08:00" finish="2016-01-25T17:26:17.1634659+08:00" />
  <ResultSummary outcome="Completed">
    <Counters total="1" executed="1" passed="1" error="0" failed="0" timeout="0" aborted="0" inconclusive="0" passedButRunAborted="0" notRunnable="0" notExecuted="0" disconnected="0" warning="0" completed="0" inProgress="0" pending="0" />
  </ResultSummary>
  <TestDefinitions>
    <UnitTest name="ChangeTest" storage="d:\cheng\workspace\onlinelearningsystem\onlinelearningsystem\timetasktestproject\bin\debug\timetasktestproject.dll" id="20adc531-bff2-51ab-a3b6-cc5e6444840d">
      <Execution id="3ccffa49-04fe-4dc9-a6e6-974503f5c162" />
      <TestMethod codeBase="D:/Cheng/Workspace/OnlineLearningSystem/OnlineLearningSystem/TimeTaskTestProject/bin/Debug/TimeTaskTestProject.DLL" adapterTypeName="Microsoft.VisualStudio.TestTools.TestTypes.Unit.UnitTestAdapter, Microsoft.VisualStudio.QualityTools.Tips.UnitTest.Adapter, Version=10.0.0.0, Culture=neutral, PublicKeyToken=b03f5f7f11d50a3a" className="TimeTaskTestProject.ChangePaperStatusTest, TimeTaskTestProject, Version=1.0.0.0, Culture=neutral, PublicKeyToken=null" name="ChangeTest" />
      <AspNet webSiteUrl="http://localhost:7128/Aspxs/Default.aspx">
        <Host pathToWebApp="D:\Cheng\Workspace\OnlineLearningSystem\OnlineLearningSystem\OnlineLearningSystem" webAppRoot="/" />
      </AspNet>
    </UnitTest>
  </TestDefinitions>
  <TestLists>
    <TestList name="列表中未列出的结果" id="8c84fa94-04c1-424b-9868-57a2d4851a1d" />
    <TestList name="所有已加载的结果" id="19431567-8539-422a-85d7-44ee4e166bda" />
  </TestLists>
  <TestEntries>
    <TestEntry testId="20adc531-bff2-51ab-a3b6-cc5e6444840d" executionId="3ccffa49-04fe-4dc9-a6e6-974503f5c162" testListId="8c84fa94-04c1-424b-9868-57a2d4851a1d" />
  </TestEntries>
  <Results>
    <UnitTestResult executionId="3ccffa49-04fe-4dc9-a6e6-974503f5c162" testId="20adc531-bff2-51ab-a3b6-cc5e6444840d" testName="ChangeTest" computerName="CHENGVMWIN7X641" duration="00:00:29.5652503" startTime="2016-01-25T17:25:45.1676359+08:00" endTime="2016-01-25T17:26:17.1534654+08:00" testType="13cdc9d9-ddb5-4fa4-a97d-d965ccfc6d4b" outcome="Passed" testListId="8c84fa94-04c1-424b-9868-57a2d4851a1d" relativeResultsDirectory="3ccffa49-04fe-4dc9-a6e6-974503f5c162">
      <Output>
        <DebugTrace>“清除考试任务”操作返回 0 。
“清除考试任务”操作返回 41 。
</DebugTrace>
      </Output>
    </UnitTestResult>
  </Results>
</TestRun>